<?xml version="1.0" encoding="UTF-8"?>
<testsuite xmlns:xsi="http://www.w3.org/2001/XMLSchema-instance" xsi:noNamespaceSchemaLocation="https://maven.apache.org/surefire/maven-surefire-plugin/xsd/surefire-test-report-3.0.xsd" version="3.0" name="TestSuite" time="2.214" tests="1" errors="0" skipped="0" failures="0">
  <properties>
[...]
</properties>
  <testcase name="runScenario[&quot;As a httpbing user, i need to validate send data with HTPP function&quot;, &quot;Testing API create function&quot;](1)" classname="com.cucumber.test.CucumberRunner" time="1.674">
    <system-out><![CDATA[{
    "args": {
        
    },
    "data": "{\"Batch\":\"29\"}",
    "files": {
        
    },
    "form": {
        
    },
    "headers": {
        "Accept": "*/*",
        "Accept-Encoding": "gzip,deflate",
        "Content-Length": "14",
        "Content-Type": "application/json; charset=UTF-8",
        "Host": "httpbin.org",
        "User-Agent": "Apache-HttpClient/4.5.3 (Java/11.0.16.1)",
        "X-Amzn-Trace-Id": "Root=1-63c058cb-234b6516287fb9986561df67"
    },
    "json": {
        "Batch": "29"
    },
    "origin": "47.16.188.160",
    "url": "https://httpbin.org/post"
}
{
    "args": {
        
    },
    "data": "{\"Batch\":\"29\"}",
    "files": {
        
    },
    "form": {
        
    },
    "headers": {
        "Accept": "*/*",
        "Accept-Encoding": "gzip,deflate",
        "Content-Length": "14",
        "Content-Type": "application/json; charset=UTF-8",
        "Host": "httpbin.org",
        "User-Agent": "Apache-HttpClient/4.5.3 (Java/11.0.16.1)",
        "X-Amzn-Trace-Id": "Root=1-63c058cb-234b6516287fb9986561df67"
    },
    "json": {
        "Batch": "29"
    },
    "origin": "47.16.188.160",
    "url": "https://httpbin.org/post"
}
]]></system-out>
    <system-err><![CDATA[Jan 12, 2023 2:00:24 PM cucumber.runtime.java.ObjectFactoryLoader loadSingleObjectFactory
INFO: Loading ObjectFactory via service loader: io.cucumber.picocontainer.PicoFactory
SLF4J: Failed to load class "org.slf4j.impl.StaticLoggerBinder".
SLF4J: Defaulting to no-operation (NOP) logger implementation
SLF4J: See http://www.slf4j.org/codes.html#StaticLoggerBinder for further details.
]]></system-err>
  </testcase>
</testsuite>