<?xml version="1.0" encoding="UTF-8"?>
<testng-results ignored="0" total="1" passed="1" failed="0" skipped="0">
  <reporter-output>
  </reporter-output>
  <suite started-at="2023-01-12T13:45:03 EST" name="Suite" finished-at="2023-01-12T13:45:06 EST" duration-ms="2131">
    <groups>
      <group name="cucumber">
        <method signature="AbstractTestNGCucumberTests.runScenario(cucumber.api.testng.PickleEventWrapper,cucumber.api.testng.CucumberFeatureWrapper)[pri:0, instance:com.cucumber.test.CucumberRunner@49049a04]" name="runScenario" class="cucumber.api.testng.AbstractTestNGCucumberTests"/>
      </group> <!-- cucumber -->
    </groups>
    <test started-at="2023-01-12T13:45:03 EST" name="Test" finished-at="2023-01-12T13:45:06 EST" duration-ms="2131">
      <class name="com.cucumber.test.CucumberRunner">
        <test-method is-config="true" signature="setUpClass()[pri:0, instance:com.cucumber.test.CucumberRunner@49049a04]" started-at="2023-01-12T13:45:03 EST" name="setUpClass" finished-at="2023-01-12T13:45:03 EST" duration-ms="67" status="PASS">
          <reporter-output>
          </reporter-output>
        </test-method> <!-- setUpClass -->
        <test-method signature="runScenario(cucumber.api.testng.PickleEventWrapper,cucumber.api.testng.CucumberFeatureWrapper)[pri:0, instance:com.cucumber.test.CucumberRunner@49049a04]" started-at="2023-01-12T13:45:04 EST" name="runScenario" description="Runs Cucumber Scenarios" data-provider="scenarios" finished-at="2023-01-12T13:45:05 EST" duration-ms="1966" status="PASS">
          <params>
            <param index="0">
              <value>
                <![CDATA["As a httpbing user, i need to validate send data with HTPP function"]]>
              </value>
            </param>
            <param index="1">
              <value>
                <![CDATA["Testing API create function"]]>
              </value>
            </param>
          </params>
          <reporter-output>
          </reporter-output>
        </test-method> <!-- runScenario -->
        <test-method is-config="true" signature="tearDownClass()[pri:0, instance:com.cucumber.test.CucumberRunner@49049a04]" started-at="2023-01-12T13:45:05 EST" name="tearDownClass" finished-at="2023-01-12T13:45:06 EST" duration-ms="18" status="PASS">
          <reporter-output>
          </reporter-output>
        </test-method> <!-- tearDownClass -->
      </class> <!-- com.cucumber.test.CucumberRunner -->
    </test> <!-- Test -->
  </suite> <!-- Suite -->
</testng-results>
